<?xml version="1.0" encoding="UTF-8"?>
<!-- Generated by org.testng.reporters.JUnitReportReporter -->
<testsuite hostname="AFSWWERKUFGWGE" failures="0" tests="4" name="com.megagiganto.ypTrackerSpringBoot.test.service.ServiceTest" time="0.045" errors="0" timestamp="2022-09-27T08:43:17 CDT" skipped="0">
  <testcase classname="com.megagiganto.ypTrackerSpringBoot.test.service.ServiceTest" name="updateYarn_successfully" time="0.007"/>
  <system-out/>
  <testcase classname="com.megagiganto.ypTrackerSpringBoot.test.service.ServiceTest" name="saveYarn_successfully" time="0.006"/>
  <system-out/>
  <testcase classname="com.megagiganto.ypTrackerSpringBoot.test.service.ServiceTest" name="deleteYarn_successfully" time="0.017"/>
  <system-out/>
  <testcase classname="com.megagiganto.ypTrackerSpringBoot.test.service.ServiceTest" name="findAllYarn" time="0.015"/>
  <system-out/>
</testsuite> <!-- com.megagiganto.ypTrackerSpringBoot.test.service.ServiceTest -->
