<?xml version="1.0" encoding="UTF-8"?>
<!-- Generated by org.testng.reporters.JUnitReportReporter -->
<testsuite hostname="AFSWWERKUFGWGE" failures="0" tests="2" name="com.megagiganto.ypTrackerSpringBoot.test.service.ServiceTestNotes" time="0.011" errors="0" timestamp="2022-09-28T09:07:45 CDT" skipped="0">
  <testcase classname="com.megagiganto.ypTrackerSpringBoot.test.service.ServiceTestNotes" name="findAllNotes" time="0.005"/>
  <system-out/>
  <testcase classname="com.megagiganto.ypTrackerSpringBoot.test.service.ServiceTestNotes" name="saveNote_successfully" time="0.006"/>
  <system-out/>
</testsuite> <!-- com.megagiganto.ypTrackerSpringBoot.test.service.ServiceTestNotes -->
