<?xml version="1.0" encoding="UTF-8"?>
<!-- Generated by org.testng.reporters.JUnitReportReporter -->
<testsuite hostname="AFSWWERKUFGWGE" failures="0" tests="6" name="com.megagiganto.ypTrackerSpringBoot.test.web.WebTestPattern" time="7.145" errors="0" timestamp="2022-10-13T11:21:16 CDT" skipped="0">
  <testcase classname="com.megagiganto.ypTrackerSpringBoot.test.web.WebTestPattern" name="openAppClickLink" time="1.441"/>
  <system-out/>
  <testcase classname="com.megagiganto.ypTrackerSpringBoot.test.web.WebTestPattern" name="patternInsertUnsuccessfully" time="2.277"/>
  <system-out/>
  <testcase classname="com.megagiganto.ypTrackerSpringBoot.test.web.WebTestPattern" name="patternInsertSuccessfully" time="0.278"/>
  <system-out/>
  <testcase classname="com.megagiganto.ypTrackerSpringBoot.test.web.WebTestPattern" name="checkClearButton" time="0.136"/>
  <system-out/>
  <testcase classname="com.megagiganto.ypTrackerSpringBoot.test.web.WebTestPattern" name="yarnUpdateSuccessfully" time="0.855"/>
  <system-out/>
  <testcase classname="com.megagiganto.ypTrackerSpringBoot.test.web.WebTestPattern" name="yarnDelete" time="2.158"/>
  <system-out/>
</testsuite> <!-- com.megagiganto.ypTrackerSpringBoot.test.web.WebTestPattern -->
