<?xml version="1.0" encoding="UTF-8"?>
<!-- Generated by org.testng.reporters.JUnitReportReporter -->
<testsuite hostname="AFSWWERKUFGWGE" failures="0" tests="6" name="com.megagiganto.ypTrackerSpringBoot.test.web.WebTest" time="6.006" errors="0" timestamp="2022-09-28T09:07:23 CDT" skipped="0">
  <testcase classname="com.megagiganto.ypTrackerSpringBoot.test.web.WebTest" name="openAppClickLink" time="0.943"/>
  <system-out/>
  <testcase classname="com.megagiganto.ypTrackerSpringBoot.test.web.WebTest" name="yarnInsertUnsuccessfully" time="2.215"/>
  <system-out/>
  <testcase classname="com.megagiganto.ypTrackerSpringBoot.test.web.WebTest" name="yarnInsertSuccessfully" time="0.297"/>
  <system-out/>
  <testcase classname="com.megagiganto.ypTrackerSpringBoot.test.web.WebTest" name="checkClearButton" time="0.145"/>
  <system-out/>
  <testcase classname="com.megagiganto.ypTrackerSpringBoot.test.web.WebTest" name="yarnUpdateSuccessfully" time="0.264"/>
  <system-out/>
  <testcase classname="com.megagiganto.ypTrackerSpringBoot.test.web.WebTest" name="yarnDelete" time="2.142"/>
  <system-out/>
</testsuite> <!-- com.megagiganto.ypTrackerSpringBoot.test.web.WebTest -->
