<?xml version="1.0" encoding="UTF-8"?>
<!-- Generated by org.testng.reporters.JUnitReportReporter -->
<testsuite hostname="AFSWWERKUFGWGE" failures="0" tests="6" name="com.megagiganto.ypTrackerSpringBoot.test.web.WebTestYarn" time="7.069" errors="0" timestamp="2022-10-13T11:20:41 CDT" skipped="0">
  <testcase classname="com.megagiganto.ypTrackerSpringBoot.test.web.WebTestYarn" name="openAppClickLink" time="0.909"/>
  <system-out/>
  <testcase classname="com.megagiganto.ypTrackerSpringBoot.test.web.WebTestYarn" name="yarnInsertUnsuccessfully" time="2.580"/>
  <system-out/>
  <testcase classname="com.megagiganto.ypTrackerSpringBoot.test.web.WebTestYarn" name="checkClearButton" time="0.134"/>
  <system-out/>
  <testcase classname="com.megagiganto.ypTrackerSpringBoot.test.web.WebTestYarn" name="yarnInsertSuccessfully" time="0.441"/>
  <system-out/>
  <testcase classname="com.megagiganto.ypTrackerSpringBoot.test.web.WebTestYarn" name="yarnUpdateSuccessfully" time="0.848"/>
  <system-out/>
  <testcase classname="com.megagiganto.ypTrackerSpringBoot.test.web.WebTestYarn" name="yarnDelete" time="2.157"/>
  <system-out/>
</testsuite> <!-- com.megagiganto.ypTrackerSpringBoot.test.web.WebTestYarn -->
