<?xml version="1.0" encoding="UTF-8"?>
<!-- Generated by org.testng.reporters.JUnitReportReporter -->
<testsuite hostname="AFSWWERKUFGWGE" failures="0" tests="4" name="com.megagiganto.ypTrackerSpringBoot.test.service.ServiceTestPattern" time="0.014" errors="0" timestamp="2022-09-28T09:07:45 CDT" skipped="0">
  <testcase classname="com.megagiganto.ypTrackerSpringBoot.test.service.ServiceTestPattern" name="deletePattern_successfully" time="0.003"/>
  <system-out/>
  <testcase classname="com.megagiganto.ypTrackerSpringBoot.test.service.ServiceTestPattern" name="findAllPatterns" time="0.003"/>
  <system-out/>
  <testcase classname="com.megagiganto.ypTrackerSpringBoot.test.service.ServiceTestPattern" name="savePattern_successfully" time="0.004"/>
  <system-out/>
  <testcase classname="com.megagiganto.ypTrackerSpringBoot.test.service.ServiceTestPattern" name="updatePattern_successfully" time="0.004"/>
  <system-out/>
</testsuite> <!-- com.megagiganto.ypTrackerSpringBoot.test.service.ServiceTestPattern -->
