<?xml version="1.0" encoding="UTF-8"?>
<!-- Generated by org.testng.reporters.JUnitReportReporter -->
<testsuite hostname="AFSWWERKUFGWGE" failures="0" tests="3" name="com.megagiganto.ypTrackerSpringBoot.test.web.WebTestNotes" time="1.528" errors="0" timestamp="2022-10-13T11:12:42 CDT" skipped="0">
  <testcase classname="com.megagiganto.ypTrackerSpringBoot.test.web.WebTestNotes" name="openAppClickLink" time="1.247"/>
  <system-out/>
  <testcase classname="com.megagiganto.ypTrackerSpringBoot.test.web.WebTestNotes" name="yarnInsertSuccessfully" time="0.223"/>
  <system-out/>
  <testcase classname="com.megagiganto.ypTrackerSpringBoot.test.web.WebTestNotes" name="viewResultsOnViewNotesPage" time="0.058"/>
  <system-out/>
</testsuite> <!-- com.megagiganto.ypTrackerSpringBoot.test.web.WebTestNotes -->
