<?xml version="1.0" encoding="UTF-8"?>
<!-- Generated by org.testng.reporters.JUnitReportReporter -->
<testsuite hostname="AFSWWERKUFGWGE" failures="0" tests="6" name="com.megagiganto.ypTrackerSpringBoot.test.web.WebTest" time="6.511" errors="0" timestamp="2022-09-28T11:40:25 CDT" skipped="0">
  <testcase classname="com.megagiganto.ypTrackerSpringBoot.test.web.WebTest" name="openAppClickLink" time="0.886"/>
  <system-out/>
  <testcase classname="com.megagiganto.ypTrackerSpringBoot.test.web.WebTest" name="yarnInsertUnsuccessfully" time="2.239"/>
  <system-out/>
  <testcase classname="com.megagiganto.ypTrackerSpringBoot.test.web.WebTest" name="checkClearButton" time="0.151"/>
  <system-out/>
  <testcase classname="com.megagiganto.ypTrackerSpringBoot.test.web.WebTest" name="yarnInsertSuccessfully" time="0.333"/>
  <system-out/>
  <testcase classname="com.megagiganto.ypTrackerSpringBoot.test.web.WebTest" name="yarnUpdateSuccessfully" time="0.780"/>
  <system-out/>
  <testcase classname="com.megagiganto.ypTrackerSpringBoot.test.web.WebTest" name="yarnDelete" time="2.122"/>
  <system-out/>
</testsuite> <!-- com.megagiganto.ypTrackerSpringBoot.test.web.WebTest -->
