<?xml version="1.0" encoding="UTF-8"?>
<!-- Generated by org.testng.reporters.JUnitReportReporter -->
<testsuite hostname="AFSWWERKUFGWGE" failures="0" tests="6" name="com.megagiganto.ypTrackerSpringBoot.test.service.ServiceTestYarn" time="0.066" errors="0" timestamp="2022-09-28T13:43:13 CDT" skipped="0">
  <testcase classname="com.megagiganto.ypTrackerSpringBoot.test.service.ServiceTestYarn" name="findAllYarn" time="0.008"/>
  <system-out/>
  <testcase classname="com.megagiganto.ypTrackerSpringBoot.test.service.ServiceTestYarn" name="deleteYarn_successfully" time="0.009"/>
  <system-out/>
  <testcase classname="com.megagiganto.ypTrackerSpringBoot.test.service.ServiceTestYarn" name="updateYarn_unsuccessfully" time="0.005"/>
  <system-out/>
  <testcase classname="com.megagiganto.ypTrackerSpringBoot.test.service.ServiceTestYarn" name="saveYarn_successfully" time="0.015"/>
  <system-out/>
  <testcase classname="com.megagiganto.ypTrackerSpringBoot.test.service.ServiceTestYarn" name="updateYarn_successfully" time="0.006"/>
  <system-out/>
  <testcase classname="com.megagiganto.ypTrackerSpringBoot.test.service.ServiceTestYarn" name="givenInvalidId_whenFindingYarn_thenThrowsNoSuchElementException" time="0.023"/>
  <system-out/>
</testsuite> <!-- com.megagiganto.ypTrackerSpringBoot.test.service.ServiceTestYarn -->
