<?xml version="1.0" encoding="UTF-8"?>
<!-- Generated by org.testng.reporters.JUnitReportReporter -->
<testsuite hostname="AFSWWERKUFGWGE" failures="0" tests="6" name="com.megagiganto.ypTrackerSpringBoot.test.service.ServiceTestYarn" time="0.070" errors="0" timestamp="2022-09-28T09:07:45 CDT" skipped="0">
  <testcase classname="com.megagiganto.ypTrackerSpringBoot.test.service.ServiceTestYarn" name="updateYarn_unsuccessfully" time="0.005"/>
  <system-out/>
  <testcase classname="com.megagiganto.ypTrackerSpringBoot.test.service.ServiceTestYarn" name="deleteYarn_successfully" time="0.020"/>
  <system-out/>
  <testcase classname="com.megagiganto.ypTrackerSpringBoot.test.service.ServiceTestYarn" name="updateYarn_successfully" time="0.011"/>
  <system-out/>
  <testcase classname="com.megagiganto.ypTrackerSpringBoot.test.service.ServiceTestYarn" name="findAllYarn" time="0.004"/>
  <system-out/>
  <testcase classname="com.megagiganto.ypTrackerSpringBoot.test.service.ServiceTestYarn" name="saveYarn_successfully" time="0.011"/>
  <system-out/>
  <testcase classname="com.megagiganto.ypTrackerSpringBoot.test.service.ServiceTestYarn" name="givenInvalidId_whenFindingYarn_thenThrowsNoSuchElementException" time="0.019"/>
  <system-out/>
</testsuite> <!-- com.megagiganto.ypTrackerSpringBoot.test.service.ServiceTestYarn -->
